c:\users\ivan3\source\repos\pureware\pureware\x64\debug\vc143.pdb
c:\users\ivan3\source\repos\pureware\pureware\x64\debug\vc143.idb
c:\users\ivan3\source\repos\pureware\pureware\x64\debug\sslconnection.obj
c:\users\ivan3\source\repos\pureware\pureware\x64\debug\socket.obj
c:\users\ivan3\source\repos\pureware\pureware\x64\debug\pureware.obj
c:\users\ivan3\source\repos\pureware\pureware\x64\debug\cmakecxxcompilerid.obj
c:\users\ivan3\source\repos\pureware\pureware\x64\debug\cmakeccompilerid.obj
c:\users\ivan3\source\repos\pureware\x64\debug\pureware.pdb
c:\users\ivan3\source\repos\pureware\pureware\x64\debug\pureware.tlog\cl.command.1.tlog
c:\users\ivan3\source\repos\pureware\pureware\x64\debug\pureware.tlog\cl.read.1.tlog
c:\users\ivan3\source\repos\pureware\pureware\x64\debug\pureware.tlog\cl.write.1.tlog
c:\users\ivan3\source\repos\pureware\pureware\x64\debug\pureware.tlog\link-cvtres.read.1.tlog
c:\users\ivan3\source\repos\pureware\pureware\x64\debug\pureware.tlog\link-cvtres.write.1.tlog
c:\users\ivan3\source\repos\pureware\pureware\x64\debug\pureware.tlog\link-rc.read.1.tlog
c:\users\ivan3\source\repos\pureware\pureware\x64\debug\pureware.tlog\link-rc.write.1.tlog
c:\users\ivan3\source\repos\pureware\pureware\x64\debug\pureware.tlog\link.command.1.tlog
c:\users\ivan3\source\repos\pureware\pureware\x64\debug\pureware.tlog\link.read.1.tlog
c:\users\ivan3\source\repos\pureware\pureware\x64\debug\pureware.tlog\link.read.2.tlog
c:\users\ivan3\source\repos\pureware\pureware\x64\debug\pureware.tlog\link.read.3.tlog
c:\users\ivan3\source\repos\pureware\pureware\x64\debug\pureware.tlog\link.read.4.tlog
c:\users\ivan3\source\repos\pureware\pureware\x64\debug\pureware.tlog\link.write.1.tlog
